2022-07-11 21:02:48,191:INFO:Initializing load_model()
2022-07-11 21:02:48,196:INFO:load_model(model_name=./Model/D_final, platform=None, authentication=None, verbose=True)
2022-07-12 23:40:22,749:INFO:Initializing load_model()
2022-07-12 23:40:22,750:INFO:load_model(model_name=./Model/D_final, platform=None, authentication=None, verbose=True)
2022-07-12 23:41:58,474:INFO:Initializing load_model()
2022-07-12 23:41:58,475:INFO:load_model(model_name=./Model/D_final, platform=None, authentication=None, verbose=True)
2022-07-12 23:46:55,645:INFO:Initializing load_model()
2022-07-12 23:46:55,646:INFO:load_model(model_name=./Model/D_final, platform=None, authentication=None, verbose=True)
2022-07-13 00:50:05,051:INFO:Initializing load_model()
2022-07-13 00:50:05,051:INFO:load_model(model_name=./Model/D_final, platform=None, authentication=None, verbose=True)
2022-07-13 00:51:54,793:INFO:Initializing load_model()
2022-07-13 00:51:54,793:INFO:load_model(model_name=./Model/D_final, platform=None, authentication=None, verbose=True)
2022-07-13 19:53:40,389:INFO:Initializing load_model()
2022-07-13 19:53:40,391:INFO:load_model(model_name=./Model/D_final, platform=None, authentication=None, verbose=True)
2022-07-13 19:54:15,488:INFO:Initializing load_model()
2022-07-13 19:54:15,488:INFO:load_model(model_name=./Model/D_final, platform=None, authentication=None, verbose=True)
2022-07-13 19:55:26,138:INFO:Initializing load_model()
2022-07-13 19:55:26,138:INFO:load_model(model_name=./Model/D_final, platform=None, authentication=None, verbose=True)
2022-07-13 20:21:34,480:INFO:Initializing load_model()
2022-07-13 20:21:34,480:INFO:load_model(model_name=./Model/D_final, platform=None, authentication=None, verbose=True)
2022-07-13 22:48:01,526:INFO:Initializing load_model()
2022-07-13 22:48:01,526:INFO:load_model(model_name=./Model/M_final, platform=None, authentication=None, verbose=True)
2022-07-13 22:57:41,496:INFO:Initializing load_model()
2022-07-13 22:57:41,498:INFO:load_model(model_name=./Model/M_final, platform=None, authentication=None, verbose=True)
2022-07-13 23:42:07,921:INFO:Initializing load_model()
2022-07-13 23:42:07,921:INFO:load_model(model_name=./Model/D_final, platform=None, authentication=None, verbose=True)
2022-07-14 01:47:17,676:INFO:Initializing load_model()
2022-07-14 01:47:17,676:INFO:load_model(model_name=./Model/H_final, platform=None, authentication=None, verbose=True)
2022-07-14 09:25:02,938:INFO:Initializing load_model()
2022-07-14 09:25:02,940:INFO:load_model(model_name=./Model/H_final, platform=None, authentication=None, verbose=True)
2022-07-14 09:42:43,116:INFO:Initializing load_model()
2022-07-14 09:42:43,117:INFO:load_model(model_name=./Model/H_final, platform=None, authentication=None, verbose=True)
2022-07-14 10:22:54,471:INFO:Initializing load_model()
2022-07-14 10:22:54,472:INFO:load_model(model_name=./Model/H_final, platform=None, authentication=None, verbose=True)
2022-07-22 14:40:00,900:INFO:Initializing load_model()
2022-07-22 14:40:00,900:INFO:load_model(model_name=./Model/M_final, platform=None, authentication=None, verbose=True)
2022-07-22 16:38:06,962:INFO:Initializing load_model()
2022-07-22 16:38:06,963:INFO:load_model(model_name=./Model/M_final, platform=None, authentication=None, verbose=True)
2022-09-07 22:07:05,976:INFO:Initializing load_model()
2022-09-07 22:07:05,976:INFO:load_model(model_name=./Model/D_final, platform=None, authentication=None, verbose=True)
2022-09-07 22:21:21,100:INFO:Initializing load_model()
2022-09-07 22:21:21,100:INFO:load_model(model_name=./Model/D_final, platform=None, authentication=None, verbose=True)
2022-09-07 22:26:55,342:INFO:Initializing load_model()
2022-09-07 22:26:55,342:INFO:load_model(model_name=./Model/D_final, platform=None, authentication=None, verbose=True)
2022-09-07 22:27:47,600:INFO:Initializing load_model()
2022-09-07 22:27:47,600:INFO:load_model(model_name=./Model/D_final, platform=None, authentication=None, verbose=True)
2022-09-07 22:28:57,133:INFO:Initializing load_model()
2022-09-07 22:28:57,134:INFO:load_model(model_name=./Model/M_final, platform=None, authentication=None, verbose=True)
2022-09-07 22:29:33,565:INFO:Initializing load_model()
2022-09-07 22:29:33,565:INFO:load_model(model_name=./Model/M_final, platform=None, authentication=None, verbose=True)
2022-09-07 22:30:19,112:INFO:Initializing load_model()
2022-09-07 22:30:19,112:INFO:load_model(model_name=./Model/M_final, platform=None, authentication=None, verbose=True)
2022-09-07 22:33:50,301:INFO:Initializing load_model()
2022-09-07 22:33:50,301:INFO:load_model(model_name=./Model/M_final, platform=None, authentication=None, verbose=True)
2022-09-07 23:01:59,805:INFO:Initializing load_model()
2022-09-07 23:01:59,806:INFO:load_model(model_name=./Model/M_final, platform=None, authentication=None, verbose=True)
2022-09-07 23:02:39,795:INFO:Initializing load_model()
2022-09-07 23:02:39,795:INFO:load_model(model_name=./Model/M_final, platform=None, authentication=None, verbose=True)
2022-09-07 23:07:25,779:INFO:Initializing load_model()
2022-09-07 23:07:25,780:INFO:load_model(model_name=./Model/M_final, platform=None, authentication=None, verbose=True)
2022-09-07 23:10:11,450:INFO:Initializing load_model()
2022-09-07 23:10:11,450:INFO:load_model(model_name=./Model/D_final, platform=None, authentication=None, verbose=True)
2022-09-07 23:21:02,291:INFO:Initializing load_model()
2022-09-07 23:21:02,291:INFO:load_model(model_name=./Model/D_final, platform=None, authentication=None, verbose=True)
2022-09-07 23:27:43,090:INFO:Initializing load_model()
2022-09-07 23:27:43,090:INFO:load_model(model_name=./Model/M_final, platform=None, authentication=None, verbose=True)
2022-09-07 23:29:12,125:INFO:Initializing load_model()
2022-09-07 23:29:12,125:INFO:load_model(model_name=./Model/M_final, platform=None, authentication=None, verbose=True)
2022-09-07 23:31:34,881:INFO:Initializing load_model()
2022-09-07 23:31:34,881:INFO:load_model(model_name=./Model/H_final, platform=None, authentication=None, verbose=True)
2022-09-07 23:46:41,302:INFO:Initializing load_model()
2022-09-07 23:46:41,303:INFO:load_model(model_name=./Model/D_final, platform=None, authentication=None, verbose=True)
2022-09-07 23:46:41,442:INFO:Initializing predict_model()
2022-09-07 23:46:41,442:INFO:predict_model(estimator=StackingClassifier(cv=5,
                   estimators=[('catboost',
                                <catboost.core.CatBoostClassifier object at 0x7f7f88216400>),
                               ('et',
                                ExtraTreesClassifier(n_jobs=-1,
                                                     random_state=2906)),
                               ('lr',
                                LogisticRegression(max_iter=1000,
                                                   random_state=2906)),
                               ('ridge', RidgeClassifier(random_state=2906))],
                   final_estimator=LogisticRegression(max_iter=1000,
                                                      random_state=2906),
                   n_jobs=-1), probability_threshold=0.5, encoded_labels=False, raw_score=False, round=4, verbose=True, ml_usecase=MLUsecase.CLASSIFICATION, display=None)
2022-09-07 23:46:41,442:INFO:Checking exceptions
2022-09-07 23:46:41,442:INFO:Preloading libraries
2022-09-07 23:46:41,442:ERROR:Pipeline not found. Exception:
2022-09-07 23:46:41,444:ERROR:Traceback (most recent call last):
  File "/Users/cassie/opt/anaconda3/envs/python38/lib/python3.8/site-packages/pycaret/internal/tabular.py", line 8717, in predict_model
    dtypes = prep_pipe.named_steps["dtypes"]
NameError: name 'prep_pipe' is not defined

2022-09-07 23:49:38,230:INFO:Initializing load_model()
2022-09-07 23:49:38,230:INFO:load_model(model_name=./Model/D_final, platform=None, authentication=None, verbose=True)
2022-09-07 23:50:02,670:INFO:Initializing load_model()
2022-09-07 23:50:02,670:INFO:load_model(model_name=./Model/D_final, platform=None, authentication=None, verbose=True)
2022-09-07 23:52:15,075:INFO:Initializing load_model()
2022-09-07 23:52:15,075:INFO:load_model(model_name=./Model/D_final, platform=None, authentication=None, verbose=True)
2022-09-07 23:54:26,302:INFO:Initializing load_model()
2022-09-07 23:54:26,302:INFO:load_model(model_name=./Model/D_final, platform=None, authentication=None, verbose=True)
2022-09-07 23:55:35,829:INFO:Initializing load_model()
2022-09-07 23:55:35,829:INFO:load_model(model_name=./Model/D_final, platform=None, authentication=None, verbose=True)
2022-09-07 23:56:25,987:INFO:Initializing load_model()
2022-09-07 23:56:25,987:INFO:load_model(model_name=./Model/D_final, platform=None, authentication=None, verbose=True)
2022-09-08 12:32:15,983:INFO:Initializing load_model()
2022-09-08 12:32:15,984:INFO:load_model(model_name=./Model/H_final, platform=None, authentication=None, verbose=True)
2022-09-08 12:32:53,919:INFO:Initializing load_model()
2022-09-08 12:32:53,919:INFO:load_model(model_name=./Model/H_final, platform=None, authentication=None, verbose=True)
2022-09-08 12:40:51,926:INFO:Initializing load_model()
2022-09-08 12:40:51,927:INFO:load_model(model_name=./Model/H_final, platform=None, authentication=None, verbose=True)
2022-09-08 12:41:19,828:INFO:Initializing load_model()
2022-09-08 12:41:19,829:INFO:load_model(model_name=./Model/H_final, platform=None, authentication=None, verbose=True)
2022-09-16 10:36:27,435:INFO:Initializing load_model()
2022-09-16 10:36:27,435:INFO:load_model(model_name=./Model/H_final, platform=None, authentication=None, verbose=True)
2022-09-18 21:06:04,231:INFO:Initializing load_model()
2022-09-18 21:06:04,232:INFO:load_model(model_name=./Model/H_final, platform=None, authentication=None, verbose=True)
